生成启动时间为 2019/12/21 13:44:22。
日志记录详细程度设置为: Normal。     1>项目“C:\Users\jiabh\Documents\Code\check_weather\查天气\查天气.vcxproj”在节点 2 上(Build 个目标)。
     1>InitializeBuildStatus:
         正在创建“x64\Release\查天气.tlog\unsuccessfulbuild”，因为已指定“AlwaysCreate”。
       ClCompile:
         C:\Program Files (x86)\Microsoft Visual Studio\2019\Community\VC\Tools\MSVC\14.24.28314\bin\HostX86\x64\CL.exe /c /Zi /nologo /W3 /WX- /diagnostics:column /sdl /O2 /Oi /GL /D _UNICODE /D UNICODE /Gm- /EHsc /MD /GS /Gy /fp:precise /permissive- /Zc:wchar_t /Zc:forScope /Zc:inline /Fo"x64\Release\\" /Fd"x64\Release\vc142.pdb" /Gd /TC /wd4496 /wd6387 /wd6031 /wd6054 /wd6011 /wd4996 /wd6031 /wd6387 /wd4267 /wd6385 /FC /errorReport:prompt main.c
         main.c
       Link:
         C:\Program Files (x86)\Microsoft Visual Studio\2019\Community\VC\Tools\MSVC\14.24.28314\bin\HostX86\x64\link.exe /ERRORREPORT:PROMPT /OUT:"C:\Users\jiabh\Documents\Code\check_weather\查天气\x64\Release\查天气.exe" /NOLOGO kernel32.lib user32.lib gdi32.lib winspool.lib comdlg32.lib advapi32.lib shell32.lib ole32.lib oleaut32.lib uuid.lib odbc32.lib odbccp32.lib /MANIFEST /MANIFESTUAC:"level='asInvoker' uiAccess='false'" /manifest:embed /DEBUG:FULL /PDB:"C:\Users\jiabh\Documents\Code\check_weather\查天气\x64\Release\查天气.pdb" /SUBSYSTEM:CONSOLE /OPT:REF /OPT:ICF /LTCG:incremental /TLBID:1 /DYNAMICBASE /NXCOMPAT /IMPLIB:"C:\Users\jiabh\Documents\Code\check_weather\查天气\x64\Release\查天气.lib" /MACHINE:X64 x64\Release\main.obj
         正在生成代码
         17 of 19 functions (89.5%) were compiled, the rest were copied from previous compilation.
           0 functions were new in current compilation
           0 functions had inline decision re-evaluated but remain unchanged
         已完成代码的生成
         查天气.vcxproj -> C:\Users\jiabh\Documents\Code\check_weather\查天气\x64\Release\查天气.exe
       FinalizeBuildStatus:
         正在删除文件“x64\Release\查天气.tlog\unsuccessfulbuild”。
         正在对“x64\Release\查天气.tlog\查天气.lastbuildstate”执行 Touch 任务。
     1>已完成生成项目“C:\Users\jiabh\Documents\Code\check_weather\查天气\查天气.vcxproj”(Build 个目标)的操作。

已成功生成。
    0 个警告
    0 个错误

已用时间 00:00:02.90
